make.exe all --print-data-base --no-builtin-variables --no-builtin-rules --question
make: *** No rule to make target 'all'.  Stop.

# GNU Make 4.3
# Built for Windows32
# Copyright (C) 1988-2020 Free Software Foundation, Inc.
# License GPLv3+: GNU GPL version 3 or later <http://gnu.org/licenses/gpl.html>
# This is free software: you are free to change and redistribute it.
# There is NO WARRANTY, to the extent permitted by law.

# Make data base, printed on Fri Jul 15 20:26:58 2022

# Variables

# environment
FPS_BROWSER_APP_PROFILE_STRING = Internet Explorer
# environment
SYSTEMDRIVE = C:
# environment
PYENV = C:\Users\sam18\.pyenv\pyenv-win\
# environment
LC_ALL = C
# environment
USERPROFILE = C:\Users\sam18
# environment
LOCALAPPDATA = C:\Users\sam18\AppData\Local
# environment
VSCODE_CWD = C:\Users\sam18\AppData\Local\Programs\Microsoft VS Code
# environment
CHOCOLATEYINSTALL = C:\ProgramData\chocolatey
# environment
SYSTEMROOT = C:\WINDOWS
# environment
PROCESSOR_LEVEL = 23
# environment
PSMODULEPATH = C:\Program Files\WindowsPowerShell\Modules;C:\WINDOWS\system32\WindowsPowerShell\v1.0\Modules
# default
MAKE_COMMAND := C:/ProgramData/chocolatey/lib/make/tools/install/bin/make.exe
# environment
GOPATH = C:\Users\sam18\go
# automatic
@D = $(patsubst %/,%,$(patsubst %\,%,$(dir $@)))
# environment
CHROME_CRASHPAD_PIPE_NAME = \\.\pipe\crashpad_14864_WSINDUAPMWLRKRRM
# environment
FPS_BROWSER_USER_PROFILE_STRING = Default
# environment
VSCODE_HANDLES_UNCAUGHT_ERRORS = true
# default
.VARIABLES := 
# automatic
%D = $(patsubst %/,%,$(patsubst %\,%,$(dir $%)))
# automatic
^D = $(patsubst %/,%,$(patsubst %\,%,$(dir $^)))
# automatic
%F = $(notdir $%)
# environment
VSCODE_CODE_CACHE_PATH = C:\Users\sam18\AppData\Roaming\Code\CachedData\b06ae3b2d2dbfe28bca3134cc6be65935cdfea6a
# environment
LANG = C
# default
.LOADED := 
# environment
TMP = C:\Users\sam18\AppData\Local\Temp
# default
.INCLUDE_DIRS = .
# environment
PROCESSOR_ARCHITEW6432 = AMD64
# makefile
MAKEFLAGS = pqrR
# environment
ONEDRIVE = C:\Users\sam18\OneDrive
# makefile
CURDIR := c:/Users/sam18/Documents/Parallel and Distributed Systems/Parallel-Video-Motion-Detection
# environment
APPLICATION_INSIGHTS_NO_DIAGNOSTIC_CHANNEL = 1
# automatic
*D = $(patsubst %/,%,$(patsubst %\,%,$(dir $*)))
# environment
PROGRAMFILES = C:\Program Files (x86)
# environment
MFLAGS = -pqrR
# default
.SHELLFLAGS := -c
# environment
COMMONPROGRAMW6432 = C:\Program Files\Common Files
# automatic
+D = $(patsubst %/,%,$(patsubst %\,%,$(dir $+)))
# makefile (from 'Makefile', line 1)
MAKEFILE_LIST := Makefile
# automatic
@F = $(notdir $@)
# environment
VSCODE_PID = 14864
# automatic
?D = $(patsubst %/,%,$(patsubst %\,%,$(dir $?)))
# automatic
*F = $(notdir $*)
# automatic
<D = $(patsubst %/,%,$(patsubst %\,%,$(dir $<)))
# environment
VSCODE_NLS_CONFIG = {"locale":"it","availableLanguages":{"*":"it"},"_languagePackId":"c214013558c0237a1b875ec703f18888.it","_translationsConfigFile":"C:\\Users\\sam18\\AppData\\Roaming\\Code\\clp\\c214013558c0237a1b875ec703f18888.it\\tcf.json","_cacheRoot":"C:\\Users\\sam18\\AppData\\Roaming\\Code\\clp\\c214013558c0237a1b875ec703f18888.it","_resolvedLanguagePackCoreLocation":"C:\\Users\\sam18\\AppData\\Roaming\\Code\\clp\\c214013558c0237a1b875ec703f18888.it\\b06ae3b2d2dbfe28bca3134cc6be65935cdfea6a","_corruptedFile":"C:\\Users\\sam18\\AppData\\Roaming\\Code\\clp\\c214013558c0237a1b875ec703f18888.it\\corrupted.info","_languagePackSupport":true}
# default
MAKE_HOST := Windows32
# environment
PROGRAMDATA = C:\ProgramData
# default
SHELL := sh.exe
# environment
HOMEPATH = \Users\sam18
# default
MAKECMDGOALS := all
# environment
DRIVERDATA = C:\Windows\System32\Drivers\DriverData
# environment
COMSPEC = C:\WINDOWS\system32\cmd.exe
# environment
WINDIR = C:\WINDOWS
# environment
MAKELEVEL := 0
# default
MAKE = $(MAKE_COMMAND)
# environment
PATH = C:\WINDOWS\system32;C:\WINDOWS;C:\WINDOWS\System32\Wbem;C:\WINDOWS\System32\WindowsPowerShell\v1.0\;C:\WINDOWS\System32\OpenSSH\;C:\ProgramData\chocolatey\bin;C:\Program Files\Go\bin;C:\Program Files\Git\cmd;C:\TDM-GCC-64\bin;C:\Program Files\nodejs\;C:\Program Files\Docker\Docker\resources\bin;C:\ProgramData\DockerDesktop\version-bin;C:\Users\sam18\.pyenv\pyenv-win\bin;C:\Users\sam18\.pyenv\pyenv-win\shims;C:\Users\sam18\.windows-build-tools\python27\;C:\Program Files\nodejs\node_modules\npm\node_modules\npm-lifecycle\node-gyp-bin;C:\Users\sam18\AppData\Roaming\npm\node_modules\windows-build-tools\node_modules\.bin;C:\Users\sam18\AppData\Roaming\npm\node_modules\.bin;C:\Windows\system32;C:\Windows;C:\Windows\System32\Wbem;C:\Windows\System32\WindowsPowerShell\v1.0\;C:\Windows\System32\OpenSSH\;C:\ProgramData\chocolatey\bin;C:\Program Files\Go\bin;C:\Program Files\Git\cmd;C:\Program Files\nodejs\;C:\TDM-GCC-64\bin;C:\Program Files\Docker\Docker\resources\bin;C:\ProgramData\DockerDesktop\version-bin;C:\Users\sam18\AppData\Local\Programs\Python\Python39\Scripts\;C:\Users\sam18\AppData\Local\Programs\Python\Python39\;C:\Users\sam18\AppData\Local\Microsoft\WindowsApps;C:\Users\sam18\AppData\Local\Programs\Microsoft VS Code\bin;C:\Users\sam18\go\bin;C:\Users\sam18\AppData\Roaming\npm;%USERPROFILE%\AppData\Local\Microsoft\WindowsApps;
# environment
COMPUTERNAME = LAPTOP-BBP13F61
# default
MAKEFILES := 
# automatic
^F = $(notdir $^)
# environment
PROMPT = $P$G
# environment
CHOCOLATEYLASTPATHUPDATE = 132620065957541971
# environment
LOGONSERVER = \\LAPTOP-BBP13F61
# environment
USERNAME = sam18
# environment
COMMONPROGRAMFILES = C:\Program Files (x86)\Common Files
# automatic
?F = $(notdir $?)
# environment
PROGRAMW6432 = C:\Program Files
# environment
PATHEXT = .COM;.EXE;.BAT;.CMD;.VBS;.VBE;.JS;.JSE;.WSF;.WSH;.MSC
# automatic
+F = $(notdir $+)
# environment
ORIGINAL_XDG_CURRENT_DESKTOP = undefined
# environment
PYENV_ROOT = C:\Users\sam18\.pyenv\pyenv-win\
# environment
USERDOMAIN = LAPTOP-BBP13F61
# 'override' directive
GNUMAKEFLAGS := 
# environment
OS = Windows_NT
# environment
GYP_MSVS_VERSION = 2015
# makefile (from 'Makefile', line 5)
EXE = ff seq nt res
# makefile
.DEFAULT_GOAL := ff
# default
MAKE_VERSION := 4.3
# environment
PROGRAMFILES(X86) = C:\Program Files (x86)
# makefile (from 'Makefile', line 3)
LDFLAGS = -pthread -O3 -ftree-vectorize `pkg-config --cflags opencv4` `pkg-config --libs opencv4`
# environment
USERDOMAIN_ROAMINGPROFILE = LAPTOP-BBP13F61
# environment
NUMBER_OF_PROCESSORS = 8
# environment
PUBLIC = C:\Users\Public
# environment
APPDATA = C:\Users\sam18\AppData\Roaming
# environment
HOMEDRIVE = C:
# environment
PROCESSOR_ARCHITECTURE = x86
# environment
VSCODE_AMD_ENTRYPOINT = vs/workbench/api/node/extensionHostProcess
# environment
COMMONPROGRAMFILES(X86) = C:\Program Files (x86)\Common Files
# environment
ELECTRON_RUN_AS_NODE = 1
# environment
TEMP = C:\Users\sam18\AppData\Local\Temp
# environment
VSCODE_IPC_HOOK = \\.\pipe\fc10ea21ab8dcaca85e06cc54c95f47e-1.69.1-main-sock
# default
.RECIPEPREFIX := 
# automatic
<F = $(notdir $<)
# default
SUFFIXES := 
# environment
ALLUSERSPROFILE = C:\ProgramData
# environment
SESSIONNAME = Console
# makefile (from 'Makefile', line 2)
CXXFLAGS = -std=c++17 
# default
.FEATURES := target-specific order-only second-expansion else-if shortest-stem undefine oneshell nocomment grouped-target extra-prereqs archives jobserver output-sync load
# environment
PROCESSOR_REVISION = 6001
# environment
PYENV_HOME = C:\Users\sam18\.pyenv\pyenv-win\
# makefile (from 'Makefile', line 1)
CXX = g++
# environment
PROCESSOR_IDENTIFIER = AMD64 Family 23 Model 96 Stepping 1, AuthenticAMD
# variable set hash-table stats:
# Load=100/1024=10%, Rehash=0, Collisions=8/127=6%

# Pattern-specific Variable Values

# No pattern-specific variable values.

# Directories

# . (key c:/Users/sam18/Documents/Parallel and Distributed Systems/Parallel-Video-Motion-Detection, mtime 1657909391): 14 files, no impossibilities.

# 14 files, no impossibilities in 1 directories.

# Implicit Rules

# No implicit rules.

# Files

# Not a target:
sequential.cpp:
#  Implicit rule search has not been done.
#  Modification time never checked.
#  File has not been updated.

fftrace: ff.cpp
#  Implicit rule search has not been done.
#  Modification time never checked.
#  File has not been updated.
#  recipe to execute (from 'Makefile', line 14):
	$(CXX) -DTRACE_FASTFLOW -o ff ff.cpp $(LDFLAGS)

ffboundedbuffer:
#  Implicit rule search has not been done.
#  Modification time never checked.
#  File has not been updated.
#  recipe to execute (from 'Makefile', line 11):
	$(CXX) -DFF_BOUNDED_BUFFER -DDEFAULT_BUFFER_CAPACITY=3 -o ff ff.cpp $(LDFLAGS)

ff: ff.cpp
#  Implicit rule search has not been done.
#  Modification time never checked.
#  File has not been updated.
#  recipe to execute (from 'Makefile', line 8):
	$(CXX) -o ff ff.cpp $(LDFLAGS)

# Not a target:
results.cpp:
#  Implicit rule search has not been done.
#  Modification time never checked.
#  File has not been updated.

# Not a target:
Makefile:
#  Implicit rule search has been done.
#  Last modified 2022-07-15 20:26:56
#  File has been updated.
#  Successfully updated.

clean:
#  Implicit rule search has not been done.
#  Modification time never checked.
#  File has not been updated.
#  recipe to execute (from 'Makefile', line 26):
	rm $(EXE)

# Not a target:
.DEFAULT:
#  Implicit rule search has not been done.
#  Modification time never checked.
#  File has not been updated.

# Not a target:
all:
#  Command line target.
#  Implicit rule search has been done.
#  File does not exist.
#  File has not been updated.

# Not a target:
ff.cpp:
#  Implicit rule search has not been done.
#  Modification time never ch 
ecked.
#  File has not been updated.

seq: sequential.cpp
#  Implicit rule search has not been done.
#  Modification time never checked.
#  File has not been updated.
#  recipe to execute (from 'Makefile', line 20):
	$(CXX) -o seq sequential.cpp $(LDFLAGS)

res: results.cpp
#  Implicit rule search has not been done.
#  Modification time never checked.
#  File has not been updated.
#  recipe to execute (from 'Makefile', line 23):
	$(CXX) -o res results.cpp

# Not a target:
nthreads.cpp:
#  Implicit rule search has not been done.
#  Modification time never checked.
#  File has not been updated.

nt: nthreads.cpp
#  Implicit rule search has not been done.
#  Modification time never checked.
#  File has not been updated.
#  recipe to execute (from 'Makefile', line 17):
	$(CXX) -o nt nthreads.cpp $(LDFLAGS)

# files hash-table stats:
# Load=15/1024=1%, Rehash=0, Collisions=0/30=0%
# VPATH Search Paths

# No 'vpath' search paths.

# No general ('VPATH' variable) search path.

# strcache buffers: 1 (0) / strings = 24 / storage = 182 B / avg = 7 B
# current buf: size = 8174 B / used = 182 B / count = 24 / avg = 7 B

# strcache performance: lookups = 40 / hit rate = 40%
# hash-table stats:
# Load=24/8192=0%, Rehash=0, Collisions=2/40=5%
# Finished Make data base on Fri Jul 15 20:26:58 2022

 
